mode: atomic
github.com/KonstantinosChonas/cross-chain-tracker/go/cmd/api/main.go:85.72,92.2 1 5
github.com/KonstantinosChonas/cross-chain-tracker/go/cmd/api/main.go:96.49,98.2 1 0
github.com/KonstantinosChonas/cross-chain-tracker/go/cmd/api/main.go:103.40,113.38 6 10013
github.com/KonstantinosChonas/cross-chain-tracker/go/cmd/api/main.go:113.38,115.3 1 2
github.com/KonstantinosChonas/cross-chain-tracker/go/cmd/api/main.go:118.2,120.44 3 10013
github.com/KonstantinosChonas/cross-chain-tracker/go/cmd/api/main.go:120.44,122.3 1 9003
github.com/KonstantinosChonas/cross-chain-tracker/go/cmd/api/main.go:123.2,128.42 4 10013
github.com/KonstantinosChonas/cross-chain-tracker/go/cmd/api/main.go:128.42,130.3 1 9003
github.com/KonstantinosChonas/cross-chain-tracker/go/cmd/api/main.go:131.2,131.39 1 10013
github.com/KonstantinosChonas/cross-chain-tracker/go/cmd/api/main.go:142.79,144.17 1 10007
github.com/KonstantinosChonas/cross-chain-tracker/go/cmd/api/main.go:144.17,158.25 6 0
github.com/KonstantinosChonas/cross-chain-tracker/go/cmd/api/main.go:158.25,162.4 3 0
github.com/KonstantinosChonas/cross-chain-tracker/go/cmd/api/main.go:163.3,163.25 1 0
github.com/KonstantinosChonas/cross-chain-tracker/go/cmd/api/main.go:163.25,167.4 3 0
github.com/KonstantinosChonas/cross-chain-tracker/go/cmd/api/main.go:168.3,168.24 1 0
github.com/KonstantinosChonas/cross-chain-tracker/go/cmd/api/main.go:168.24,172.4 3 0
github.com/KonstantinosChonas/cross-chain-tracker/go/cmd/api/main.go:173.3,173.22 1 0
github.com/KonstantinosChonas/cross-chain-tracker/go/cmd/api/main.go:173.22,177.4 3 0
github.com/KonstantinosChonas/cross-chain-tracker/go/cmd/api/main.go:179.3,180.24 2 0
github.com/KonstantinosChonas/cross-chain-tracker/go/cmd/api/main.go:180.24,182.4 1 0
github.com/KonstantinosChonas/cross-chain-tracker/go/cmd/api/main.go:183.3,186.17 3 0
github.com/KonstantinosChonas/cross-chain-tracker/go/cmd/api/main.go:186.17,188.4 1 0
github.com/KonstantinosChonas/cross-chain-tracker/go/cmd/api/main.go:188.9,191.20 3 0
github.com/KonstantinosChonas/cross-chain-tracker/go/cmd/api/main.go:191.20,197.97 5 0
github.com/KonstantinosChonas/cross-chain-tracker/go/cmd/api/main.go:197.97,199.14 2 0
github.com/KonstantinosChonas/cross-chain-tracker/go/cmd/api/main.go:201.5,201.20 1 0
github.com/KonstantinosChonas/cross-chain-tracker/go/cmd/api/main.go:201.20,203.19 1 0
github.com/KonstantinosChonas/cross-chain-tracker/go/cmd/api/main.go:203.19,205.15 2 0
github.com/KonstantinosChonas/cross-chain-tracker/go/cmd/api/main.go:207.6,208.18 2 0
github.com/KonstantinosChonas/cross-chain-tracker/go/cmd/api/main.go:210.5,210.57 1 0
github.com/KonstantinosChonas/cross-chain-tracker/go/cmd/api/main.go:210.57,212.23 2 0
github.com/KonstantinosChonas/cross-chain-tracker/go/cmd/api/main.go:212.23,214.39 1 0
github.com/KonstantinosChonas/cross-chain-tracker/go/cmd/api/main.go:214.39,216.8 1 0
github.com/KonstantinosChonas/cross-chain-tracker/go/cmd/api/main.go:216.13,218.8 1 0
github.com/KonstantinosChonas/cross-chain-tracker/go/cmd/api/main.go:221.5,221.27 1 0
github.com/KonstantinosChonas/cross-chain-tracker/go/cmd/api/main.go:223.4,223.14 1 0
github.com/KonstantinosChonas/cross-chain-tracker/go/cmd/api/main.go:228.2,232.50 4 10007
github.com/KonstantinosChonas/cross-chain-tracker/go/cmd/api/main.go:232.50,233.56 1 932550
github.com/KonstantinosChonas/cross-chain-tracker/go/cmd/api/main.go:233.56,234.12 1 0
github.com/KonstantinosChonas/cross-chain-tracker/go/cmd/api/main.go:236.3,236.87 1 932550
github.com/KonstantinosChonas/cross-chain-tracker/go/cmd/api/main.go:236.87,237.12 1 1
github.com/KonstantinosChonas/cross-chain-tracker/go/cmd/api/main.go:239.3,239.53 1 932549
github.com/KonstantinosChonas/cross-chain-tracker/go/cmd/api/main.go:239.53,240.12 1 0
github.com/KonstantinosChonas/cross-chain-tracker/go/cmd/api/main.go:242.3,242.47 1 932549
github.com/KonstantinosChonas/cross-chain-tracker/go/cmd/api/main.go:242.47,243.12 1 0
github.com/KonstantinosChonas/cross-chain-tracker/go/cmd/api/main.go:245.3,245.26 1 932549
github.com/KonstantinosChonas/cross-chain-tracker/go/cmd/api/main.go:245.26,246.67 1 2
github.com/KonstantinosChonas/cross-chain-tracker/go/cmd/api/main.go:246.67,247.30 1 2
github.com/KonstantinosChonas/cross-chain-tracker/go/cmd/api/main.go:247.30,248.14 1 1
github.com/KonstantinosChonas/cross-chain-tracker/go/cmd/api/main.go:252.3,252.49 1 932548
github.com/KonstantinosChonas/cross-chain-tracker/go/cmd/api/main.go:255.2,255.42 1 10007
github.com/KonstantinosChonas/cross-chain-tracker/go/cmd/api/main.go:255.42,257.3 1 0
github.com/KonstantinosChonas/cross-chain-tracker/go/cmd/api/main.go:258.2,259.31 2 10007
github.com/KonstantinosChonas/cross-chain-tracker/go/cmd/api/main.go:259.31,261.3 1 6
github.com/KonstantinosChonas/cross-chain-tracker/go/cmd/api/main.go:262.2,262.42 1 10007
github.com/KonstantinosChonas/cross-chain-tracker/go/cmd/api/main.go:265.61,266.17 1 10002
github.com/KonstantinosChonas/cross-chain-tracker/go/cmd/api/main.go:266.17,278.25 6 0
github.com/KonstantinosChonas/cross-chain-tracker/go/cmd/api/main.go:278.25,282.4 3 0
github.com/KonstantinosChonas/cross-chain-tracker/go/cmd/api/main.go:283.3,283.25 1 0
github.com/KonstantinosChonas/cross-chain-tracker/go/cmd/api/main.go:283.25,287.4 3 0
github.com/KonstantinosChonas/cross-chain-tracker/go/cmd/api/main.go:288.3,288.24 1 0
github.com/KonstantinosChonas/cross-chain-tracker/go/cmd/api/main.go:288.24,292.4 3 0
github.com/KonstantinosChonas/cross-chain-tracker/go/cmd/api/main.go:293.3,293.22 1 0
github.com/KonstantinosChonas/cross-chain-tracker/go/cmd/api/main.go:293.22,297.4 3 0
github.com/KonstantinosChonas/cross-chain-tracker/go/cmd/api/main.go:299.3,300.24 2 0
github.com/KonstantinosChonas/cross-chain-tracker/go/cmd/api/main.go:300.24,302.4 1 0
github.com/KonstantinosChonas/cross-chain-tracker/go/cmd/api/main.go:303.3,306.17 3 0
github.com/KonstantinosChonas/cross-chain-tracker/go/cmd/api/main.go:306.17,309.20 3 0
github.com/KonstantinosChonas/cross-chain-tracker/go/cmd/api/main.go:309.20,315.97 5 0
github.com/KonstantinosChonas/cross-chain-tracker/go/cmd/api/main.go:315.97,317.14 2 0
github.com/KonstantinosChonas/cross-chain-tracker/go/cmd/api/main.go:319.5,319.20 1 0
github.com/KonstantinosChonas/cross-chain-tracker/go/cmd/api/main.go:319.20,321.19 1 0
github.com/KonstantinosChonas/cross-chain-tracker/go/cmd/api/main.go:321.19,323.15 2 0
github.com/KonstantinosChonas/cross-chain-tracker/go/cmd/api/main.go:325.6,326.18 2 0
github.com/KonstantinosChonas/cross-chain-tracker/go/cmd/api/main.go:328.5,328.57 1 0
github.com/KonstantinosChonas/cross-chain-tracker/go/cmd/api/main.go:328.57,330.23 2 0
github.com/KonstantinosChonas/cross-chain-tracker/go/cmd/api/main.go:330.23,332.39 1 0
github.com/KonstantinosChonas/cross-chain-tracker/go/cmd/api/main.go:332.39,334.8 1 0
github.com/KonstantinosChonas/cross-chain-tracker/go/cmd/api/main.go:334.13,336.8 1 0
github.com/KonstantinosChonas/cross-chain-tracker/go/cmd/api/main.go:339.5,339.27 1 0
github.com/KonstantinosChonas/cross-chain-tracker/go/cmd/api/main.go:341.4,341.14 1 0
github.com/KonstantinosChonas/cross-chain-tracker/go/cmd/api/main.go:346.2,350.42 5 10002
github.com/KonstantinosChonas/cross-chain-tracker/go/cmd/api/main.go:350.42,352.3 1 0
github.com/KonstantinosChonas/cross-chain-tracker/go/cmd/api/main.go:353.2,354.31 2 10002
github.com/KonstantinosChonas/cross-chain-tracker/go/cmd/api/main.go:354.31,356.3 1 1
github.com/KonstantinosChonas/cross-chain-tracker/go/cmd/api/main.go:357.2,357.42 1 10002
github.com/KonstantinosChonas/cross-chain-tracker/go/cmd/api/main.go:361.20,368.2 1 1
github.com/KonstantinosChonas/cross-chain-tracker/go/cmd/api/main.go:371.21,372.6 1 1
github.com/KonstantinosChonas/cross-chain-tracker/go/cmd/api/main.go:372.6,373.10 1 5
github.com/KonstantinosChonas/cross-chain-tracker/go/cmd/api/main.go:374.31,378.33 4 1
github.com/KonstantinosChonas/cross-chain-tracker/go/cmd/api/main.go:379.33,381.38 2 2
github.com/KonstantinosChonas/cross-chain-tracker/go/cmd/api/main.go:381.38,385.5 3 1
github.com/KonstantinosChonas/cross-chain-tracker/go/cmd/api/main.go:386.4,386.17 1 2
github.com/KonstantinosChonas/cross-chain-tracker/go/cmd/api/main.go:387.33,389.34 2 1
github.com/KonstantinosChonas/cross-chain-tracker/go/cmd/api/main.go:389.34,390.12 1 1
github.com/KonstantinosChonas/cross-chain-tracker/go/cmd/api/main.go:391.28,391.28 0 1
github.com/KonstantinosChonas/cross-chain-tracker/go/cmd/api/main.go:392.13,394.31 2 0
github.com/KonstantinosChonas/cross-chain-tracker/go/cmd/api/main.go:397.4,397.17 1 1
github.com/KonstantinosChonas/cross-chain-tracker/go/cmd/api/main.go:403.60,407.2 3 1
github.com/KonstantinosChonas/cross-chain-tracker/go/cmd/api/main.go:411.91,413.16 2 0
github.com/KonstantinosChonas/cross-chain-tracker/go/cmd/api/main.go:413.16,415.3 1 0
github.com/KonstantinosChonas/cross-chain-tracker/go/cmd/api/main.go:417.2,425.22 6 0
github.com/KonstantinosChonas/cross-chain-tracker/go/cmd/api/main.go:425.22,427.69 2 0
github.com/KonstantinosChonas/cross-chain-tracker/go/cmd/api/main.go:427.69,429.12 2 0
github.com/KonstantinosChonas/cross-chain-tracker/go/cmd/api/main.go:431.3,434.22 2 0
github.com/KonstantinosChonas/cross-chain-tracker/go/cmd/api/main.go:434.22,435.62 1 0
github.com/KonstantinosChonas/cross-chain-tracker/go/cmd/api/main.go:435.62,437.5 1 0
github.com/KonstantinosChonas/cross-chain-tracker/go/cmd/api/main.go:441.3,442.39 2 0
github.com/KonstantinosChonas/cross-chain-tracker/go/cmd/api/main.go:447.65,455.15 7 1
github.com/KonstantinosChonas/cross-chain-tracker/go/cmd/api/main.go:455.15,457.3 1 1
github.com/KonstantinosChonas/cross-chain-tracker/go/cmd/api/main.go:459.2,460.12 2 1
github.com/KonstantinosChonas/cross-chain-tracker/go/cmd/api/main.go:460.12,463.3 2 1
github.com/KonstantinosChonas/cross-chain-tracker/go/cmd/api/main.go:465.2,465.6 1 1
github.com/KonstantinosChonas/cross-chain-tracker/go/cmd/api/main.go:465.6,466.10 1 2
github.com/KonstantinosChonas/cross-chain-tracker/go/cmd/api/main.go:467.37,468.11 1 2
github.com/KonstantinosChonas/cross-chain-tracker/go/cmd/api/main.go:468.11,470.5 1 1
github.com/KonstantinosChonas/cross-chain-tracker/go/cmd/api/main.go:471.4,472.37 2 1
github.com/KonstantinosChonas/cross-chain-tracker/go/cmd/api/main.go:472.37,474.5 1 1
github.com/KonstantinosChonas/cross-chain-tracker/go/cmd/api/main.go:475.39,477.37 2 0
github.com/KonstantinosChonas/cross-chain-tracker/go/cmd/api/main.go:477.37,479.5 1 0
github.com/KonstantinosChonas/cross-chain-tracker/go/cmd/api/main.go:485.87,493.60 3 3
github.com/KonstantinosChonas/cross-chain-tracker/go/cmd/api/main.go:493.60,494.55 1 1
github.com/KonstantinosChonas/cross-chain-tracker/go/cmd/api/main.go:494.55,496.4 1 1
github.com/KonstantinosChonas/cross-chain-tracker/go/cmd/api/main.go:498.2,498.63 1 3
github.com/KonstantinosChonas/cross-chain-tracker/go/cmd/api/main.go:498.63,499.57 1 0
github.com/KonstantinosChonas/cross-chain-tracker/go/cmd/api/main.go:499.57,501.4 1 0
github.com/KonstantinosChonas/cross-chain-tracker/go/cmd/api/main.go:504.2,509.70 5 3
github.com/KonstantinosChonas/cross-chain-tracker/go/cmd/api/main.go:509.70,510.71 1 1
github.com/KonstantinosChonas/cross-chain-tracker/go/cmd/api/main.go:510.71,512.4 1 1
github.com/KonstantinosChonas/cross-chain-tracker/go/cmd/api/main.go:515.2,515.73 1 3
github.com/KonstantinosChonas/cross-chain-tracker/go/cmd/api/main.go:515.73,516.75 1 0
github.com/KonstantinosChonas/cross-chain-tracker/go/cmd/api/main.go:516.75,518.4 1 0
github.com/KonstantinosChonas/cross-chain-tracker/go/cmd/api/main.go:521.2,521.67 1 3
github.com/KonstantinosChonas/cross-chain-tracker/go/cmd/api/main.go:521.67,522.71 1 0
github.com/KonstantinosChonas/cross-chain-tracker/go/cmd/api/main.go:522.71,524.4 1 0
github.com/KonstantinosChonas/cross-chain-tracker/go/cmd/api/main.go:527.2,529.39 3 3
github.com/KonstantinosChonas/cross-chain-tracker/go/cmd/api/main.go:533.81,539.60 2 1
github.com/KonstantinosChonas/cross-chain-tracker/go/cmd/api/main.go:539.60,540.55 1 1
github.com/KonstantinosChonas/cross-chain-tracker/go/cmd/api/main.go:540.55,542.4 1 1
github.com/KonstantinosChonas/cross-chain-tracker/go/cmd/api/main.go:544.2,544.63 1 1
github.com/KonstantinosChonas/cross-chain-tracker/go/cmd/api/main.go:544.63,545.57 1 1
github.com/KonstantinosChonas/cross-chain-tracker/go/cmd/api/main.go:545.57,547.4 1 1
github.com/KonstantinosChonas/cross-chain-tracker/go/cmd/api/main.go:550.2,555.70 5 1
github.com/KonstantinosChonas/cross-chain-tracker/go/cmd/api/main.go:555.70,556.71 1 0
github.com/KonstantinosChonas/cross-chain-tracker/go/cmd/api/main.go:556.71,558.4 1 0
github.com/KonstantinosChonas/cross-chain-tracker/go/cmd/api/main.go:561.2,561.73 1 1
github.com/KonstantinosChonas/cross-chain-tracker/go/cmd/api/main.go:561.73,562.75 1 0
github.com/KonstantinosChonas/cross-chain-tracker/go/cmd/api/main.go:562.75,564.4 1 0
github.com/KonstantinosChonas/cross-chain-tracker/go/cmd/api/main.go:567.2,567.67 1 1
github.com/KonstantinosChonas/cross-chain-tracker/go/cmd/api/main.go:567.67,568.71 1 0
github.com/KonstantinosChonas/cross-chain-tracker/go/cmd/api/main.go:568.71,570.4 1 0
github.com/KonstantinosChonas/cross-chain-tracker/go/cmd/api/main.go:573.2,578.39 5 1
github.com/KonstantinosChonas/cross-chain-tracker/go/cmd/api/main.go:583.13,588.20 4 0
github.com/KonstantinosChonas/cross-chain-tracker/go/cmd/api/main.go:588.20,590.3 1 0
github.com/KonstantinosChonas/cross-chain-tracker/go/cmd/api/main.go:592.2,594.49 2 0
github.com/KonstantinosChonas/cross-chain-tracker/go/cmd/api/main.go:594.49,596.17 2 0
github.com/KonstantinosChonas/cross-chain-tracker/go/cmd/api/main.go:596.17,598.4 1 0
github.com/KonstantinosChonas/cross-chain-tracker/go/cmd/api/main.go:598.9,599.59 1 0
github.com/KonstantinosChonas/cross-chain-tracker/go/cmd/api/main.go:599.59,601.5 1 0
github.com/KonstantinosChonas/cross-chain-tracker/go/cmd/api/main.go:601.10,604.5 2 0
github.com/KonstantinosChonas/cross-chain-tracker/go/cmd/api/main.go:607.2,614.74 6 0
github.com/KonstantinosChonas/cross-chain-tracker/go/cmd/api/main.go:614.74,616.3 1 0
github.com/KonstantinosChonas/cross-chain-tracker/go/cmd/api/main.go:617.2,617.87 1 0
github.com/KonstantinosChonas/cross-chain-tracker/go/cmd/api/main.go:617.87,619.3 1 0
github.com/KonstantinosChonas/cross-chain-tracker/go/cmd/api/main.go:620.2,620.70 1 0
github.com/KonstantinosChonas/cross-chain-tracker/go/cmd/api/main.go:620.70,622.3 1 0
github.com/KonstantinosChonas/cross-chain-tracker/go/cmd/api/main.go:625.2,625.38 1 0
github.com/KonstantinosChonas/cross-chain-tracker/go/cmd/api/main.go:625.38,626.81 1 0
github.com/KonstantinosChonas/cross-chain-tracker/go/cmd/api/main.go:626.81,628.62 2 0
github.com/KonstantinosChonas/cross-chain-tracker/go/cmd/api/main.go:628.62,629.62 1 0
github.com/KonstantinosChonas/cross-chain-tracker/go/cmd/api/main.go:629.62,631.6 1 0
github.com/KonstantinosChonas/cross-chain-tracker/go/cmd/api/main.go:634.4,640.41 4 0
github.com/KonstantinosChonas/cross-chain-tracker/go/cmd/api/main.go:644.2,645.20 2 0
github.com/KonstantinosChonas/cross-chain-tracker/go/cmd/api/main.go:645.20,647.3 1 0
github.com/KonstantinosChonas/cross-chain-tracker/go/cmd/api/main.go:650.2,661.67 3 0
github.com/KonstantinosChonas/cross-chain-tracker/go/cmd/api/main.go:667.58,690.2 2 0
github.com/KonstantinosChonas/cross-chain-tracker/go/cmd/api/main.go:693.75,695.20 2 0
github.com/KonstantinosChonas/cross-chain-tracker/go/cmd/api/main.go:695.20,697.39 1 0
github.com/KonstantinosChonas/cross-chain-tracker/go/cmd/api/main.go:697.39,699.4 1 0
github.com/KonstantinosChonas/cross-chain-tracker/go/cmd/api/main.go:700.3,701.14 2 0
github.com/KonstantinosChonas/cross-chain-tracker/go/cmd/api/main.go:703.2,705.21 3 0
github.com/KonstantinosChonas/cross-chain-tracker/go/cmd/api/main.go:705.21,713.3 6 0
github.com/KonstantinosChonas/cross-chain-tracker/go/cmd/api/main.go:714.2,722.12 2 0
github.com/KonstantinosChonas/cross-chain-tracker/go/cmd/api/main.go:726.35,727.14 1 2
github.com/KonstantinosChonas/cross-chain-tracker/go/cmd/api/main.go:727.14,729.3 1 1
github.com/KonstantinosChonas/cross-chain-tracker/go/cmd/api/main.go:730.2,730.11 1 1
